<?xml version="1.0" encoding="UTF-8"?>
<!-- Generated by org.testng.reporters.JUnitReportReporter -->
<testsuite hostname="DESKTOP-IFDRR3S" failures="0" tests="1" name="com.Sample_Prep.ResAssured.JiraAPI_CookieAuthentication" time="6.811" errors="0" timestamp="2021-10-05T20:07:13 IST" skipped="0">
  <testcase classname="com.Sample_Prep.ResAssured.JiraAPI_CookieAuthentication" name="JiraAPIAuthentication" time="6.811"/>
  <system-out/>
</testsuite> <!-- com.Sample_Prep.ResAssured.JiraAPI_CookieAuthentication -->
