<?xml version="1.0" encoding="UTF-8"?>
<!-- Generated by org.testng.reporters.JUnitReportReporter -->
<testsuite hostname="DESKTOP-IFDRR3S" failures="0" tests="2" name="com.Sample_Prep.PreparationCodes.Sample_GlobalSQA" time="16.892" errors="0" timestamp="2021-09-18T19:01:44 IST" skipped="1">
  <testcase classname="com.Sample_Prep.PreparationCodes.Sample_GlobalSQA" name="testAutomationElements" time="16.892"/>
  <system-out/>
  <testcase classname="com.Sample_Prep.PreparationCodes.Sample_GlobalSQA" name="sampleDomelements">
    <skipped/>
  </testcase> <!-- sampleDomelements -->
  <system-out/>
</testsuite> <!-- com.Sample_Prep.PreparationCodes.Sample_GlobalSQA -->
