<?xml version="1.0" encoding="UTF-8"?>
<!-- Generated by org.testng.reporters.JUnitReportReporter -->
<testsuite hostname="DESKTOP-IFDRR3S" failures="0" tests="1" name="com.Sample_Prep.ResAssured.SampleRestAssured" time="10.302" errors="0" timestamp="2021-09-20T23:31:16 IST" skipped="0">
  <testcase classname="com.Sample_Prep.ResAssured.SampleRestAssured" name="resstPOSTPlaceAPI" time="10.302"/>
  <system-out/>
</testsuite> <!-- com.Sample_Prep.ResAssured.SampleRestAssured -->
