<?xml version="1.0" encoding="UTF-8"?>
<!-- Generated by org.testng.reporters.JUnitReportReporter -->
<testsuite hostname="DESKTOP-IFDRR3S" failures="0" tests="1" name="com.Sample_Prep.ResAssured.OAuth_SampleRequest" time="5.371" errors="0" timestamp="2021-10-11T00:19:39 IST" skipped="0">
  <testcase classname="com.Sample_Prep.ResAssured.OAuth_SampleRequest" name="OAuth_AuthorizationCode" time="5.371"/>
  <system-out/>
</testsuite> <!-- com.Sample_Prep.ResAssured.OAuth_SampleRequest -->
