<?xml version="1.0" encoding="UTF-8"?>
<!-- Generated by org.testng.reporters.JUnitReportReporter -->
<testsuite hostname="DESKTOP-IFDRR3S" failures="0" tests="1" name="com.Sample_Prep.ResAssured.ComplexJSONParser" time="3.411" errors="0" timestamp="2021-09-21T23:28:10 IST" skipped="0">
  <testcase classname="com.Sample_Prep.ResAssured.ComplexJSONParser" name="JsonParsingExample" time="3.411"/>
  <system-out/>
</testsuite> <!-- com.Sample_Prep.ResAssured.ComplexJSONParser -->
