<?xml version="1.0" encoding="UTF-8"?>
<!-- Generated by org.testng.reporters.JUnitReportReporter -->
<testsuite hostname="DESKTOP-IFDRR3S" failures="0" tests="1" name="com.Sample_Prep.ResAssured.StaticJSONPayload" time="0.545" errors="0" timestamp="2021-10-03T21:48:08 IST" skipped="0">
  <testcase classname="com.Sample_Prep.ResAssured.StaticJSONPayload" name="SampleStaticJSON" time="0.545"/>
  <system-out/>
</testsuite> <!-- com.Sample_Prep.ResAssured.StaticJSONPayload -->
