<?xml version="1.0" encoding="UTF-8"?>
<!-- Generated by org.testng.reporters.JUnitReportReporter -->
<testsuite hostname="DESKTOP-IFDRR3S" failures="0" tests="6" name="com.Sample_Prep.ResAssured.DynamicJSON" time="7.599" errors="0" timestamp="2021-10-03T21:48:08 IST" skipped="0">
  <testcase classname="com.Sample_Prep.ResAssured.DynamicJSON" name="sampledynamicJSONoperation" time="0.339"/>
  <system-out/>
  <testcase classname="com.Sample_Prep.ResAssured.DynamicJSON" name="sampledynamicJSONoperation" time="6.013"/>
  <system-out/>
  <testcase classname="com.Sample_Prep.ResAssured.DynamicJSON" name="sampledynamicJSONoperation" time="0.300"/>
  <system-out/>
  <testcase classname="com.Sample_Prep.ResAssured.DynamicJSON" name="sampledynamicDeleteOperation" time="0.340"/>
  <system-out/>
  <testcase classname="com.Sample_Prep.ResAssured.DynamicJSON" name="sampledynamicDeleteOperation" time="0.306"/>
  <system-out/>
  <testcase classname="com.Sample_Prep.ResAssured.DynamicJSON" name="sampledynamicDeleteOperation" time="0.301"/>
  <system-out/>
</testsuite> <!-- com.Sample_Prep.ResAssured.DynamicJSON -->
